2024-01-16 10:11:06.811 [restartedMain] INFO  com.opnapp.OpnappApplication - Starting OpnappApplication using Java 17.0.8 with PID 18580 (C:\Users\GPRITHAM\Desktop\FinalProject\opnapp\target\classes started by gpritham in C:\Users\GPRITHAM\Desktop\FinalProject\opnapp)
2024-01-16 10:11:06.817 [restartedMain] INFO  com.opnapp.OpnappApplication - No active profile set, falling back to 1 default profile: "default"
2024-01-16 10:11:06.854 [restartedMain] INFO  o.s.b.d.e.DevToolsPropertyDefaultsPostProcessor - Devtools property defaults active! Set 'spring.devtools.add-properties' to 'false' to disable
2024-01-16 10:11:06.854 [restartedMain] INFO  o.s.b.d.e.DevToolsPropertyDefaultsPostProcessor - For additional web related logging consider setting the 'logging.level.web' property to 'DEBUG'
2024-01-16 10:11:07.378 [restartedMain] INFO  o.s.d.r.c.RepositoryConfigurationDelegate - Bootstrapping Spring Data JPA repositories in DEFAULT mode.
2024-01-16 10:11:07.448 [restartedMain] INFO  o.s.d.r.c.RepositoryConfigurationDelegate - Finished Spring Data repository scanning in 64 ms. Found 7 JPA repository interfaces.
2024-01-16 10:11:07.922 [restartedMain] INFO  o.s.b.w.e.tomcat.TomcatWebServer - Tomcat initialized with port(s): 8050 (http)
2024-01-16 10:11:07.930 [restartedMain] INFO  o.a.coyote.http11.Http11NioProtocol - Initializing ProtocolHandler ["http-nio-8050"]
2024-01-16 10:11:07.932 [restartedMain] INFO  o.a.catalina.core.StandardService - Starting service [Tomcat]
2024-01-16 10:11:07.932 [restartedMain] INFO  o.a.catalina.core.StandardEngine - Starting Servlet engine: [Apache Tomcat/10.1.16]
2024-01-16 10:11:07.990 [restartedMain] INFO  o.a.c.c.C.[Tomcat].[localhost].[/] - Initializing Spring embedded WebApplicationContext
2024-01-16 10:11:07.991 [restartedMain] INFO  o.s.b.w.s.c.ServletWebServerApplicationContext - Root WebApplicationContext: initialization completed in 1136 ms
2024-01-16 10:11:08.127 [restartedMain] INFO  o.h.jpa.internal.util.LogHelper - HHH000204: Processing PersistenceUnitInfo [name: default]
2024-01-16 10:11:08.191 [restartedMain] INFO  org.hibernate.Version - HHH000412: Hibernate ORM core version 6.2.13.Final
2024-01-16 10:11:08.192 [restartedMain] INFO  org.hibernate.cfg.Environment - HHH000406: Using bytecode reflection optimizer
2024-01-16 10:11:08.430 [restartedMain] INFO  o.s.o.j.p.SpringPersistenceUnitInfo - No LoadTimeWeaver setup: ignoring JPA class transformer
2024-01-16 10:11:08.454 [restartedMain] INFO  com.zaxxer.hikari.HikariDataSource - HikariPool-1 - Starting...
2024-01-16 10:11:08.698 [restartedMain] INFO  com.zaxxer.hikari.pool.HikariPool - HikariPool-1 - Added connection com.mysql.cj.jdbc.ConnectionImpl@626aea6b
2024-01-16 10:11:08.699 [restartedMain] INFO  com.zaxxer.hikari.HikariDataSource - HikariPool-1 - Start completed.
2024-01-16 10:11:09.566 [restartedMain] INFO  o.h.e.t.j.p.i.JtaPlatformInitiator - HHH000489: No JTA platform available (set 'hibernate.transaction.jta.platform' to enable JTA platform integration)
2024-01-16 10:11:09.632 [restartedMain] INFO  o.s.o.j.LocalContainerEntityManagerFactoryBean - Initialized JPA EntityManagerFactory for persistence unit 'default'
2024-01-16 10:11:09.828 [restartedMain] INFO  o.s.d.j.r.query.QueryEnhancerFactory - Hibernate is in classpath; If applicable, HQL parser will be used.
2024-01-16 10:11:10.334 [restartedMain] WARN  o.s.b.a.o.j.JpaBaseConfiguration$JpaWebConfiguration - spring.jpa.open-in-view is enabled by default. Therefore, database queries may be performed during view rendering. Explicitly configure spring.jpa.open-in-view to disable this warning
2024-01-16 10:11:10.598 [restartedMain] INFO  o.s.b.d.a.OptionalLiveReloadServer - LiveReload server is running on port 35729
2024-01-16 10:11:10.612 [restartedMain] INFO  o.a.coyote.http11.Http11NioProtocol - Starting ProtocolHandler ["http-nio-8050"]
2024-01-16 10:11:10.633 [restartedMain] INFO  o.s.b.w.e.tomcat.TomcatWebServer - Tomcat started on port(s): 8050 (http) with context path ''
2024-01-16 10:11:10.640 [restartedMain] INFO  com.opnapp.OpnappApplication - Started OpnappApplication in 4.164 seconds (process running for 4.768)
2024-01-16 10:12:06.653 [http-nio-8050-exec-1] INFO  o.a.c.c.C.[Tomcat].[localhost].[/] - Initializing Spring DispatcherServlet 'dispatcherServlet'
2024-01-16 10:12:06.653 [http-nio-8050-exec-1] INFO  o.s.web.servlet.DispatcherServlet - Initializing Servlet 'dispatcherServlet'
2024-01-16 10:12:06.653 [http-nio-8050-exec-1] INFO  o.s.web.servlet.DispatcherServlet - Completed initialization in 0 ms
2024-01-16 10:12:08.324 [http-nio-8050-exec-3] INFO  c.o.services.CustomerServiceImpl - Viewing customer by ID: 3
2024-01-16 10:12:08.349 [http-nio-8050-exec-3] INFO  com.opnapp.DAO.CustomerDAOImpl - Viewed customer with ID: 3
2024-01-16 10:12:16.785 [http-nio-8050-exec-4] INFO  c.opnapp.services.OrderServiceImpl - Viewing all orders
2024-01-16 10:12:16.796 [http-nio-8050-exec-4] INFO  com.opnapp.DAO.OrderDAOImpl - Retrieved all orders successfully. Total orders: 3
2024-01-16 10:12:20.437 [http-nio-8050-exec-5] INFO  c.opnapp.services.PlanterServiceImpl - Viewing all planters
2024-01-16 10:12:20.437 [http-nio-8050-exec-5] INFO  com.opnapp.DAO.PlanterDAOImpl - Viewing all planters
2024-01-16 10:12:20.462 [http-nio-8050-exec-5] INFO  com.opnapp.DAO.PlanterDAOImpl - All planters viewed successfully: 10
2024-01-16 10:12:27.361 [http-nio-8050-exec-6] INFO  com.opnapp.services.SeedServiceImpl - Viewing all seeds
2024-01-16 10:12:27.362 [http-nio-8050-exec-6] INFO  com.opnapp.DAO.SeedDaoImpl - Viewing all seeds
2024-01-16 10:12:27.404 [http-nio-8050-exec-6] INFO  com.opnapp.DAO.SeedDaoImpl - All seeds found: [com.opnapp.models.Seed@59d57a3e, com.opnapp.models.Seed@5df64cbf, com.opnapp.models.Seed@7ae07836, com.opnapp.models.Seed@586faf2a, com.opnapp.models.Seed@5c06aaba, com.opnapp.models.Seed@72fe3558, com.opnapp.models.Seed@7ccb9c9d, com.opnapp.models.Seed@6695878f, com.opnapp.models.Seed@3bb1a238, com.opnapp.models.Seed@57f6face, com.opnapp.models.Seed@7f4bf46e]
2024-01-16 10:12:27.404 [http-nio-8050-exec-6] INFO  com.opnapp.services.SeedServiceImpl - All seeds found: [com.opnapp.models.Seed@59d57a3e, com.opnapp.models.Seed@5df64cbf, com.opnapp.models.Seed@7ae07836, com.opnapp.models.Seed@586faf2a, com.opnapp.models.Seed@5c06aaba, com.opnapp.models.Seed@72fe3558, com.opnapp.models.Seed@7ccb9c9d, com.opnapp.models.Seed@6695878f, com.opnapp.models.Seed@3bb1a238, com.opnapp.models.Seed@57f6face, com.opnapp.models.Seed@7f4bf46e]
2024-01-16 10:12:30.632 [http-nio-8050-exec-7] INFO  c.opnapp.services.PlantServiceImpl - Viewing all plants
2024-01-16 10:12:30.633 [http-nio-8050-exec-7] INFO  com.opnapp.DAO.PlantDaoImpl - Viewing all plants
2024-01-16 10:12:33.794 [http-nio-8050-exec-8] INFO  c.opnapp.services.OrderServiceImpl - Viewing all orders
2024-01-16 10:12:33.802 [http-nio-8050-exec-8] INFO  com.opnapp.DAO.OrderDAOImpl - Retrieved all orders successfully. Total orders: 3
2024-01-16 10:12:50.087 [http-nio-8050-exec-10] INFO  c.opnapp.services.PlanterServiceImpl - Viewing all planters
2024-01-16 10:12:50.087 [http-nio-8050-exec-10] INFO  com.opnapp.DAO.PlanterDAOImpl - Viewing all planters
2024-01-16 10:12:50.094 [http-nio-8050-exec-10] INFO  com.opnapp.DAO.PlanterDAOImpl - All planters viewed successfully: 10
2024-01-16 10:12:57.146 [http-nio-8050-exec-1] INFO  c.opnapp.services.PlanterServiceImpl - Viewing planter by ID: 1
2024-01-16 10:12:57.147 [http-nio-8050-exec-1] INFO  com.opnapp.DAO.PlanterDAOImpl - Viewing planter by ID: 1
2024-01-16 10:12:57.150 [http-nio-8050-exec-1] INFO  com.opnapp.DAO.PlanterDAOImpl - Planter viewed successfully: com.opnapp.models.Planter@409fc365
2024-01-16 10:13:27.056 [http-nio-8050-exec-2] INFO  c.opnapp.services.PlanterServiceImpl - Viewing planter by shape: Cirlce
2024-01-16 10:13:27.056 [http-nio-8050-exec-2] INFO  com.opnapp.DAO.PlanterDAOImpl - Viewing planters by shape: Cirlce
2024-01-16 10:13:27.059 [http-nio-8050-exec-2] WARN  com.opnapp.DAO.PlanterDAOImpl - Planter with Shape Cirlce not found
2024-01-16 10:13:27.063 [http-nio-8050-exec-2] WARN  o.s.w.s.m.m.a.ExceptionHandlerExceptionResolver - Resolved [com.opnapp.exception.InvalidEntityException: Planter with Shape Cirlce not found]
2024-01-16 10:13:31.220 [http-nio-8050-exec-3] INFO  c.opnapp.services.PlanterServiceImpl - Viewing planter by shape: cirlce
2024-01-16 10:13:31.220 [http-nio-8050-exec-3] INFO  com.opnapp.DAO.PlanterDAOImpl - Viewing planters by shape: cirlce
2024-01-16 10:13:31.223 [http-nio-8050-exec-3] WARN  com.opnapp.DAO.PlanterDAOImpl - Planter with Shape cirlce not found
2024-01-16 10:13:31.225 [http-nio-8050-exec-3] WARN  o.s.w.s.m.m.a.ExceptionHandlerExceptionResolver - Resolved [com.opnapp.exception.InvalidEntityException: Planter with Shape cirlce not found]
2024-01-16 10:13:35.223 [http-nio-8050-exec-4] INFO  c.opnapp.services.PlanterServiceImpl - Viewing planter by ID: 1
2024-01-16 10:13:35.224 [http-nio-8050-exec-4] INFO  com.opnapp.DAO.PlanterDAOImpl - Viewing planter by ID: 1
2024-01-16 10:13:35.227 [http-nio-8050-exec-4] INFO  com.opnapp.DAO.PlanterDAOImpl - Planter viewed successfully: com.opnapp.models.Planter@2226c6f2
2024-01-16 10:13:45.026 [http-nio-8050-exec-5] INFO  c.opnapp.services.PlanterServiceImpl - Viewing planter by shape: Round
2024-01-16 10:13:45.027 [http-nio-8050-exec-5] INFO  com.opnapp.DAO.PlanterDAOImpl - Viewing planters by shape: Round
2024-01-16 10:13:45.029 [http-nio-8050-exec-5] INFO  com.opnapp.DAO.PlanterDAOImpl - Planters viewed successfully by shape: 9
2024-01-16 10:13:56.143 [http-nio-8050-exec-6] INFO  c.opnapp.services.PlanterServiceImpl - Viewing planters by cost range: 1.0 - 25.0
2024-01-16 10:13:56.143 [http-nio-8050-exec-6] INFO  com.opnapp.DAO.PlanterDAOImpl - Viewing planters by cost range: 1.0 - 25.0
2024-01-16 10:13:56.149 [http-nio-8050-exec-6] INFO  com.opnapp.DAO.PlanterDAOImpl - Planters viewed successfully by cost range: 10
2024-01-16 10:14:03.311 [http-nio-8050-exec-7] INFO  com.opnapp.services.SeedServiceImpl - Viewing all seeds
2024-01-16 10:14:03.311 [http-nio-8050-exec-7] INFO  com.opnapp.DAO.SeedDaoImpl - Viewing all seeds
2024-01-16 10:14:03.342 [http-nio-8050-exec-7] INFO  com.opnapp.DAO.SeedDaoImpl - All seeds found: [com.opnapp.models.Seed@acfaa87, com.opnapp.models.Seed@7de3203, com.opnapp.models.Seed@5bdb81a1, com.opnapp.models.Seed@27c6191e, com.opnapp.models.Seed@4042b127, com.opnapp.models.Seed@705335ef, com.opnapp.models.Seed@5a0425b4, com.opnapp.models.Seed@4e15d75, com.opnapp.models.Seed@9924d32, com.opnapp.models.Seed@143504ee, com.opnapp.models.Seed@1455f58d]
2024-01-16 10:14:03.342 [http-nio-8050-exec-7] INFO  com.opnapp.services.SeedServiceImpl - All seeds found: [com.opnapp.models.Seed@acfaa87, com.opnapp.models.Seed@7de3203, com.opnapp.models.Seed@5bdb81a1, com.opnapp.models.Seed@27c6191e, com.opnapp.models.Seed@4042b127, com.opnapp.models.Seed@705335ef, com.opnapp.models.Seed@5a0425b4, com.opnapp.models.Seed@4e15d75, com.opnapp.models.Seed@9924d32, com.opnapp.models.Seed@143504ee, com.opnapp.models.Seed@1455f58d]
2024-01-16 10:14:04.189 [http-nio-8050-exec-8] INFO  c.opnapp.services.PlanterServiceImpl - Viewing all planters
2024-01-16 10:14:04.190 [http-nio-8050-exec-8] INFO  com.opnapp.DAO.PlanterDAOImpl - Viewing all planters
2024-01-16 10:14:04.198 [http-nio-8050-exec-8] INFO  com.opnapp.DAO.PlanterDAOImpl - All planters viewed successfully: 10
2024-01-16 10:14:08.751 [http-nio-8050-exec-9] INFO  com.opnapp.services.SeedServiceImpl - Viewing all seeds
2024-01-16 10:14:08.751 [http-nio-8050-exec-9] INFO  com.opnapp.DAO.SeedDaoImpl - Viewing all seeds
2024-01-16 10:14:08.778 [http-nio-8050-exec-9] INFO  com.opnapp.DAO.SeedDaoImpl - All seeds found: [com.opnapp.models.Seed@142e0e4c, com.opnapp.models.Seed@753e396f, com.opnapp.models.Seed@14427054, com.opnapp.models.Seed@7c5ab034, com.opnapp.models.Seed@55852860, com.opnapp.models.Seed@56169961, com.opnapp.models.Seed@524f3aaf, com.opnapp.models.Seed@4dc18b5, com.opnapp.models.Seed@34c8f062, com.opnapp.models.Seed@75a999be, com.opnapp.models.Seed@1d724217]
2024-01-16 10:14:08.778 [http-nio-8050-exec-9] INFO  com.opnapp.services.SeedServiceImpl - All seeds found: [com.opnapp.models.Seed@142e0e4c, com.opnapp.models.Seed@753e396f, com.opnapp.models.Seed@14427054, com.opnapp.models.Seed@7c5ab034, com.opnapp.models.Seed@55852860, com.opnapp.models.Seed@56169961, com.opnapp.models.Seed@524f3aaf, com.opnapp.models.Seed@4dc18b5, com.opnapp.models.Seed@34c8f062, com.opnapp.models.Seed@75a999be, com.opnapp.models.Seed@1d724217]
2024-01-16 10:14:09.184 [http-nio-8050-exec-10] INFO  c.opnapp.services.PlanterServiceImpl - Viewing all planters
2024-01-16 10:14:09.184 [http-nio-8050-exec-10] INFO  com.opnapp.DAO.PlanterDAOImpl - Viewing all planters
2024-01-16 10:14:09.189 [http-nio-8050-exec-10] INFO  com.opnapp.DAO.PlanterDAOImpl - All planters viewed successfully: 10
2024-01-16 10:14:09.717 [http-nio-8050-exec-1] INFO  c.opnapp.services.OrderServiceImpl - Viewing all orders
2024-01-16 10:14:09.721 [http-nio-8050-exec-1] INFO  com.opnapp.DAO.OrderDAOImpl - Retrieved all orders successfully. Total orders: 3
2024-01-16 10:14:10.152 [http-nio-8050-exec-2] INFO  c.opnapp.services.PlantServiceImpl - Viewing all plants
2024-01-16 10:14:10.152 [http-nio-8050-exec-2] INFO  com.opnapp.DAO.PlantDaoImpl - Viewing all plants
2024-01-16 10:14:10.502 [http-nio-8050-exec-3] INFO  com.opnapp.services.SeedServiceImpl - Viewing all seeds
2024-01-16 10:14:10.502 [http-nio-8050-exec-3] INFO  com.opnapp.DAO.SeedDaoImpl - Viewing all seeds
2024-01-16 10:14:10.533 [http-nio-8050-exec-3] INFO  com.opnapp.DAO.SeedDaoImpl - All seeds found: [com.opnapp.models.Seed@58909924, com.opnapp.models.Seed@562a6ae7, com.opnapp.models.Seed@2f83280, com.opnapp.models.Seed@166bd2b0, com.opnapp.models.Seed@40efdc28, com.opnapp.models.Seed@3448c2b2, com.opnapp.models.Seed@10c1a354, com.opnapp.models.Seed@2bcafdab, com.opnapp.models.Seed@57204d4, com.opnapp.models.Seed@7c5a7449, com.opnapp.models.Seed@5df6e083]
2024-01-16 10:14:10.533 [http-nio-8050-exec-3] INFO  com.opnapp.services.SeedServiceImpl - All seeds found: [com.opnapp.models.Seed@58909924, com.opnapp.models.Seed@562a6ae7, com.opnapp.models.Seed@2f83280, com.opnapp.models.Seed@166bd2b0, com.opnapp.models.Seed@40efdc28, com.opnapp.models.Seed@3448c2b2, com.opnapp.models.Seed@10c1a354, com.opnapp.models.Seed@2bcafdab, com.opnapp.models.Seed@57204d4, com.opnapp.models.Seed@7c5a7449, com.opnapp.models.Seed@5df6e083]
2024-01-16 10:14:10.885 [http-nio-8050-exec-4] INFO  c.opnapp.services.PlanterServiceImpl - Viewing all planters
2024-01-16 10:14:10.886 [http-nio-8050-exec-4] INFO  com.opnapp.DAO.PlanterDAOImpl - Viewing all planters
2024-01-16 10:14:10.890 [http-nio-8050-exec-4] INFO  com.opnapp.DAO.PlanterDAOImpl - All planters viewed successfully: 10
2024-01-16 10:14:11.335 [http-nio-8050-exec-5] INFO  c.opnapp.services.OrderServiceImpl - Viewing all orders
2024-01-16 10:14:11.339 [http-nio-8050-exec-5] INFO  com.opnapp.DAO.OrderDAOImpl - Retrieved all orders successfully. Total orders: 3
2024-01-16 10:14:11.796 [http-nio-8050-exec-6] INFO  c.o.services.CustomerServiceImpl - Viewing customer by ID: 3
2024-01-16 10:14:11.802 [http-nio-8050-exec-6] INFO  com.opnapp.DAO.CustomerDAOImpl - Viewed customer with ID: 3
2024-01-16 10:14:28.699 [http-nio-8050-exec-8] INFO  c.opnapp.services.PlanterServiceImpl - Viewing all planters
2024-01-16 10:14:28.700 [http-nio-8050-exec-8] INFO  com.opnapp.DAO.PlanterDAOImpl - Viewing all planters
2024-01-16 10:14:28.707 [http-nio-8050-exec-8] INFO  com.opnapp.DAO.PlanterDAOImpl - All planters viewed successfully: 10
2024-01-16 10:14:37.272 [http-nio-8050-exec-10] INFO  c.opnapp.services.PlanterServiceImpl - Updating planter: com.opnapp.models.Planter@201ddcf5
2024-01-16 10:14:37.273 [http-nio-8050-exec-10] INFO  com.opnapp.DAO.PlanterDAOImpl - Updating planter: com.opnapp.models.Planter@201ddcf5
2024-01-16 10:14:37.302 [http-nio-8050-exec-10] INFO  com.opnapp.DAO.PlanterDAOImpl - Planter updated successfully: com.opnapp.models.Planter@17cb0ed0
2024-01-16 10:15:01.894 [http-nio-8050-exec-2] INFO  c.opnapp.services.PlanterServiceImpl - Adding planter: com.opnapp.models.Planter@7c5451e7
2024-01-16 10:15:01.895 [http-nio-8050-exec-2] INFO  com.opnapp.DAO.PlanterDAOImpl - Adding planter: com.opnapp.models.Planter@7c5451e7
2024-01-16 10:15:01.912 [http-nio-8050-exec-2] INFO  com.opnapp.DAO.PlanterDAOImpl - Planter added successfully: com.opnapp.models.Planter@7c5451e7
2024-01-16 10:15:06.120 [http-nio-8050-exec-4] INFO  c.opnapp.services.PlanterServiceImpl - Deleting planter: 102
2024-01-16 10:15:06.128 [http-nio-8050-exec-4] INFO  com.opnapp.DAO.PlanterDAOImpl - Deleting planter with ID: 102
2024-01-16 10:15:06.139 [http-nio-8050-exec-4] INFO  com.opnapp.DAO.PlanterDAOImpl - Planter deleted successfully with ID: 102
2024-01-16 10:15:10.341 [http-nio-8050-exec-5] INFO  c.opnapp.services.PlantServiceImpl - Viewing all plants
2024-01-16 10:15:10.341 [http-nio-8050-exec-5] INFO  com.opnapp.DAO.PlantDaoImpl - Viewing all plants
2024-01-16 10:15:16.569 [http-nio-8050-exec-6] INFO  c.opnapp.services.PlantServiceImpl - Viewing plant by ID
2024-01-16 10:15:16.574 [http-nio-8050-exec-6] INFO  com.opnapp.DAO.PlantDaoImpl - Viewing plant with ID: 12
2024-01-16 10:15:27.586 [http-nio-8050-exec-7] INFO  c.opnapp.services.PlantServiceImpl - Viewing plants by common name
2024-01-16 10:15:27.590 [http-nio-8050-exec-7] WARN  o.s.w.s.m.m.a.ExceptionHandlerExceptionResolver - Resolved [com.opnapp.exception.InvalidEntityException: Enter valid Common Name]
2024-01-16 10:15:33.432 [http-nio-8050-exec-8] INFO  com.opnapp.services.SeedServiceImpl - Viewing all seeds
2024-01-16 10:15:33.433 [http-nio-8050-exec-8] INFO  com.opnapp.DAO.SeedDaoImpl - Viewing all seeds
2024-01-16 10:15:33.464 [http-nio-8050-exec-8] INFO  com.opnapp.DAO.SeedDaoImpl - All seeds found: [com.opnapp.models.Seed@8f1a02a, com.opnapp.models.Seed@7fefa56d, com.opnapp.models.Seed@6a869c82, com.opnapp.models.Seed@3b082e4a, com.opnapp.models.Seed@5decb091, com.opnapp.models.Seed@29b9d135, com.opnapp.models.Seed@469c9f72, com.opnapp.models.Seed@c226ddc, com.opnapp.models.Seed@23f94f83, com.opnapp.models.Seed@8caf498, com.opnapp.models.Seed@6abf3991]
2024-01-16 10:15:33.464 [http-nio-8050-exec-8] INFO  com.opnapp.services.SeedServiceImpl - All seeds found: [com.opnapp.models.Seed@8f1a02a, com.opnapp.models.Seed@7fefa56d, com.opnapp.models.Seed@6a869c82, com.opnapp.models.Seed@3b082e4a, com.opnapp.models.Seed@5decb091, com.opnapp.models.Seed@29b9d135, com.opnapp.models.Seed@469c9f72, com.opnapp.models.Seed@c226ddc, com.opnapp.models.Seed@23f94f83, com.opnapp.models.Seed@8caf498, com.opnapp.models.Seed@6abf3991]
2024-01-16 10:15:34.785 [http-nio-8050-exec-9] INFO  c.opnapp.services.PlantServiceImpl - Viewing all plants
2024-01-16 10:15:34.785 [http-nio-8050-exec-9] INFO  com.opnapp.DAO.PlantDaoImpl - Viewing all plants
2024-01-16 10:15:47.794 [http-nio-8050-exec-10] INFO  c.opnapp.services.PlantServiceImpl - Viewing all plants by type
2024-01-16 10:15:47.800 [http-nio-8050-exec-10] INFO  com.opnapp.DAO.PlantDaoImpl - Viewing all plants by type: Lily
2024-01-16 10:18:45.352 [http-nio-8050-exec-2] INFO  com.opnapp.services.SeedServiceImpl - Viewing all seeds
2024-01-16 10:18:45.352 [http-nio-8050-exec-2] INFO  com.opnapp.DAO.SeedDaoImpl - Viewing all seeds
2024-01-16 10:18:45.378 [http-nio-8050-exec-2] INFO  com.opnapp.DAO.SeedDaoImpl - All seeds found: [com.opnapp.models.Seed@1a735058, com.opnapp.models.Seed@17e7025, com.opnapp.models.Seed@7d21f614, com.opnapp.models.Seed@3229d540, com.opnapp.models.Seed@50675776, com.opnapp.models.Seed@610466e8, com.opnapp.models.Seed@1e327aac, com.opnapp.models.Seed@676acb1f, com.opnapp.models.Seed@7a459316, com.opnapp.models.Seed@3ed99fa7, com.opnapp.models.Seed@7300df9d]
2024-01-16 10:18:45.378 [http-nio-8050-exec-2] INFO  com.opnapp.services.SeedServiceImpl - All seeds found: [com.opnapp.models.Seed@1a735058, com.opnapp.models.Seed@17e7025, com.opnapp.models.Seed@7d21f614, com.opnapp.models.Seed@3229d540, com.opnapp.models.Seed@50675776, com.opnapp.models.Seed@610466e8, com.opnapp.models.Seed@1e327aac, com.opnapp.models.Seed@676acb1f, com.opnapp.models.Seed@7a459316, com.opnapp.models.Seed@3ed99fa7, com.opnapp.models.Seed@7300df9d]
2024-01-16 10:18:50.642 [http-nio-8050-exec-3] INFO  c.opnapp.services.PlantServiceImpl - Viewing all plants
2024-01-16 10:18:50.642 [http-nio-8050-exec-3] INFO  com.opnapp.DAO.PlantDaoImpl - Viewing all plants
2024-01-16 10:19:44.601 [http-nio-8050-exec-5] INFO  c.opnapp.services.PlantServiceImpl - Viewing all plants
2024-01-16 10:19:44.602 [http-nio-8050-exec-5] INFO  com.opnapp.DAO.PlantDaoImpl - Viewing all plants
2024-01-16 10:23:43.644 [http-nio-8050-exec-8] INFO  c.o.services.CustomerServiceImpl - Adding customer...
2024-01-16 10:23:43.661 [http-nio-8050-exec-8] INFO  com.opnapp.DAO.CustomerDAOImpl - Customer added successfully: com.opnapp.models.Customer@d83b75a
2024-01-16 11:05:25.315 [http-nio-8050-exec-2] INFO  c.opnapp.services.PlantServiceImpl - Viewing all plants
2024-01-16 11:05:25.315 [http-nio-8050-exec-2] INFO  com.opnapp.DAO.PlantDaoImpl - Viewing all plants
2024-01-16 11:07:35.632 [http-nio-8050-exec-4] INFO  c.opnapp.services.PlanterServiceImpl - Viewing all planters
2024-01-16 11:07:35.632 [http-nio-8050-exec-4] INFO  com.opnapp.DAO.PlanterDAOImpl - Viewing all planters
2024-01-16 11:07:35.637 [http-nio-8050-exec-4] INFO  com.opnapp.DAO.PlanterDAOImpl - All planters viewed successfully: 10
2024-01-16 11:07:43.679 [http-nio-8050-exec-5] INFO  c.opnapp.services.PlantServiceImpl - Viewing all plants
2024-01-16 11:07:43.679 [http-nio-8050-exec-5] INFO  com.opnapp.DAO.PlantDaoImpl - Viewing all plants
2024-01-16 11:09:29.878 [http-nio-8050-exec-8] INFO  c.opnapp.services.PlantServiceImpl - Viewing all plants
2024-01-16 11:09:29.879 [http-nio-8050-exec-8] INFO  com.opnapp.DAO.PlantDaoImpl - Viewing all plants
2024-01-16 11:11:15.699 [http-nio-8050-exec-1] INFO  c.opnapp.services.PlantServiceImpl - Viewing all plants
2024-01-16 11:11:15.699 [http-nio-8050-exec-1] INFO  com.opnapp.DAO.PlantDaoImpl - Viewing all plants
2024-01-16 11:12:11.540 [http-nio-8050-exec-3] INFO  c.opnapp.services.PlantServiceImpl - Adding a new plant
2024-01-16 11:12:11.543 [http-nio-8050-exec-3] WARN  o.s.w.s.m.m.a.ExceptionHandlerExceptionResolver - Resolved [com.opnapp.exception.InvalidEntityException: Plant id should be a positive integer]
2024-01-16 11:14:20.340 [http-nio-8050-exec-4] INFO  c.opnapp.services.PlanterServiceImpl - Viewing all planters
2024-01-16 11:14:20.340 [http-nio-8050-exec-4] INFO  com.opnapp.DAO.PlanterDAOImpl - Viewing all planters
2024-01-16 11:14:20.344 [http-nio-8050-exec-4] INFO  com.opnapp.DAO.PlanterDAOImpl - All planters viewed successfully: 10
2024-01-16 11:14:27.969 [http-nio-8050-exec-5] INFO  c.opnapp.services.PlantServiceImpl - Viewing all plants
2024-01-16 11:14:27.969 [http-nio-8050-exec-5] INFO  com.opnapp.DAO.PlantDaoImpl - Viewing all plants
2024-01-16 11:15:08.547 [http-nio-8050-exec-6] INFO  c.opnapp.services.PlantServiceImpl - Adding a new plant
2024-01-16 11:15:08.548 [http-nio-8050-exec-6] WARN  o.s.w.s.m.m.a.ExceptionHandlerExceptionResolver - Resolved [com.opnapp.exception.InvalidEntityException: Plant id should be a positive integer]
2024-01-16 11:16:53.877 [File Watcher] INFO  o.s.b.d.a.LocalDevToolsAutoConfiguration$RestartingClassPathChangeChangedEventListener - Restarting due to 4 class path changes (0 additions, 0 deletions, 4 modifications)
2024-01-16 11:16:53.896 [Thread-5] INFO  o.a.coyote.http11.Http11NioProtocol - Pausing ProtocolHandler ["http-nio-8050"]
2024-01-16 11:16:53.896 [Thread-5] INFO  o.a.catalina.core.StandardService - Stopping service [Tomcat]
2024-01-16 11:16:53.899 [Thread-5] INFO  o.a.c.c.C.[Tomcat].[localhost].[/] - Destroying Spring FrameworkServlet 'dispatcherServlet'
2024-01-16 11:16:53.904 [Thread-5] INFO  o.a.coyote.http11.Http11NioProtocol - Stopping ProtocolHandler ["http-nio-8050"]
2024-01-16 11:16:53.908 [Thread-5] INFO  o.a.coyote.http11.Http11NioProtocol - Destroying ProtocolHandler ["http-nio-8050"]
2024-01-16 11:16:53.911 [Thread-5] INFO  o.s.o.j.LocalContainerEntityManagerFactoryBean - Closing JPA EntityManagerFactory for persistence unit 'default'
2024-01-16 11:16:53.918 [Thread-5] INFO  com.zaxxer.hikari.HikariDataSource - HikariPool-1 - Shutdown initiated...
2024-01-16 11:16:53.923 [Thread-5] INFO  com.zaxxer.hikari.HikariDataSource - HikariPool-1 - Shutdown completed.
2024-01-16 11:16:54.029 [restartedMain] INFO  com.opnapp.OpnappApplication - Starting OpnappApplication using Java 17.0.8 with PID 18580 (C:\Users\GPRITHAM\Desktop\FinalProject\opnapp\target\classes started by gpritham in C:\Users\GPRITHAM\Desktop\FinalProject\opnapp)
2024-01-16 11:16:54.030 [restartedMain] INFO  com.opnapp.OpnappApplication - No active profile set, falling back to 1 default profile: "default"
2024-01-16 11:16:54.179 [restartedMain] INFO  o.s.d.r.c.RepositoryConfigurationDelegate - Bootstrapping Spring Data JPA repositories in DEFAULT mode.
2024-01-16 11:16:54.206 [restartedMain] INFO  o.s.d.r.c.RepositoryConfigurationDelegate - Finished Spring Data repository scanning in 26 ms. Found 7 JPA repository interfaces.
2024-01-16 11:16:54.280 [restartedMain] INFO  o.s.b.w.e.tomcat.TomcatWebServer - Tomcat initialized with port(s): 8050 (http)
2024-01-16 11:16:54.280 [restartedMain] INFO  o.a.coyote.http11.Http11NioProtocol - Initializing ProtocolHandler ["http-nio-8050"]
2024-01-16 11:16:54.280 [restartedMain] INFO  o.a.catalina.core.StandardService - Starting service [Tomcat]
2024-01-16 11:16:54.281 [restartedMain] INFO  o.a.catalina.core.StandardEngine - Starting Servlet engine: [Apache Tomcat/10.1.16]
2024-01-16 11:16:54.297 [restartedMain] INFO  o.a.c.c.C.[Tomcat].[localhost].[/] - Initializing Spring embedded WebApplicationContext
2024-01-16 11:16:54.297 [restartedMain] INFO  o.s.b.w.s.c.ServletWebServerApplicationContext - Root WebApplicationContext: initialization completed in 266 ms
2024-01-16 11:16:54.324 [restartedMain] INFO  o.h.jpa.internal.util.LogHelper - HHH000204: Processing PersistenceUnitInfo [name: default]
2024-01-16 11:16:54.328 [restartedMain] INFO  o.s.o.j.p.SpringPersistenceUnitInfo - No LoadTimeWeaver setup: ignoring JPA class transformer
2024-01-16 11:16:54.334 [restartedMain] INFO  com.zaxxer.hikari.HikariDataSource - HikariPool-2 - Starting...
2024-01-16 11:16:54.343 [restartedMain] INFO  com.zaxxer.hikari.pool.HikariPool - HikariPool-2 - Added connection com.mysql.cj.jdbc.ConnectionImpl@18b7259c
2024-01-16 11:16:54.343 [restartedMain] INFO  com.zaxxer.hikari.HikariDataSource - HikariPool-2 - Start completed.
2024-01-16 11:16:54.413 [restartedMain] INFO  o.h.e.t.j.p.i.JtaPlatformInitiator - HHH000489: No JTA platform available (set 'hibernate.transaction.jta.platform' to enable JTA platform integration)
2024-01-16 11:16:54.441 [restartedMain] INFO  o.s.o.j.LocalContainerEntityManagerFactoryBean - Initialized JPA EntityManagerFactory for persistence unit 'default'
2024-01-16 11:16:54.637 [restartedMain] WARN  o.s.b.a.o.j.JpaBaseConfiguration$JpaWebConfiguration - spring.jpa.open-in-view is enabled by default. Therefore, database queries may be performed during view rendering. Explicitly configure spring.jpa.open-in-view to disable this warning
2024-01-16 11:16:54.726 [restartedMain] INFO  o.s.b.d.a.OptionalLiveReloadServer - LiveReload server is running on port 35729
2024-01-16 11:16:54.732 [restartedMain] INFO  o.a.coyote.http11.Http11NioProtocol - Starting ProtocolHandler ["http-nio-8050"]
2024-01-16 11:16:54.736 [restartedMain] INFO  o.s.b.w.e.tomcat.TomcatWebServer - Tomcat started on port(s): 8050 (http) with context path ''
2024-01-16 11:16:54.739 [restartedMain] INFO  com.opnapp.OpnappApplication - Started OpnappApplication in 0.733 seconds (process running for 3949.737)
2024-01-16 11:16:54.740 [restartedMain] INFO  o.s.b.d.a.ConditionEvaluationDeltaLoggingListener - Condition evaluation unchanged
2024-01-16 11:16:57.943 [http-nio-8050-exec-1] INFO  o.a.c.c.C.[Tomcat].[localhost].[/] - Initializing Spring DispatcherServlet 'dispatcherServlet'
2024-01-16 11:16:57.943 [http-nio-8050-exec-1] INFO  o.s.web.servlet.DispatcherServlet - Initializing Servlet 'dispatcherServlet'
2024-01-16 11:16:57.944 [http-nio-8050-exec-1] INFO  o.s.web.servlet.DispatcherServlet - Completed initialization in 1 ms
2024-01-16 11:16:57.948 [http-nio-8050-exec-1] INFO  c.opnapp.services.PlantServiceImpl - Adding a new plant
2024-01-16 11:16:57.948 [http-nio-8050-exec-1] INFO  com.opnapp.DAO.PlantDaoImpl - Adding plant: com.opnapp.models.Plant@65348cf2
2024-01-16 11:16:57.953 [http-nio-8050-exec-1] WARN  o.s.w.s.m.m.a.ExceptionHandlerExceptionResolver - Resolved [java.lang.NullPointerException: Cannot invoke "com.opnapp.models.Planter.getPlanterId()" because the return value of "com.opnapp.models.Plant.getPlanter()" is null]
2024-01-16 11:36:46.604 [http-nio-8050-exec-4] INFO  c.opnapp.services.PlantServiceImpl - Viewing all plants
2024-01-16 11:36:46.604 [http-nio-8050-exec-4] INFO  com.opnapp.DAO.PlantDaoImpl - Viewing all plants
2024-01-16 11:37:16.021 [http-nio-8050-exec-5] INFO  c.opnapp.services.PlantServiceImpl - Adding a new plant
2024-01-16 11:37:16.021 [http-nio-8050-exec-5] INFO  com.opnapp.DAO.PlantDaoImpl - Adding plant: com.opnapp.models.Plant@3f8ba240
2024-01-16 11:37:16.022 [http-nio-8050-exec-5] WARN  o.s.w.s.m.m.a.ExceptionHandlerExceptionResolver - Resolved [java.lang.NullPointerException: Cannot invoke "com.opnapp.models.Planter.getPlanterId()" because the return value of "com.opnapp.models.Plant.getPlanter()" is null]
2024-01-16 11:43:49.101 [http-nio-8050-exec-7] INFO  c.opnapp.services.PlantServiceImpl - Viewing all plants
2024-01-16 11:43:49.102 [http-nio-8050-exec-7] INFO  com.opnapp.DAO.PlantDaoImpl - Viewing all plants
2024-01-16 11:44:15.087 [http-nio-8050-exec-9] INFO  c.opnapp.services.PlantServiceImpl - Adding a new plant
2024-01-16 11:44:15.088 [http-nio-8050-exec-9] INFO  com.opnapp.DAO.PlantDaoImpl - Adding plant: com.opnapp.models.Plant@6cf1798d
2024-01-16 11:44:15.097 [http-nio-8050-exec-9] INFO  com.opnapp.DAO.PlantDaoImpl - Plant added successfully: com.opnapp.models.Plant@6cf1798d
2024-01-16 11:44:52.472 [http-nio-8050-exec-10] INFO  com.opnapp.services.SeedServiceImpl - Viewing all seeds
2024-01-16 11:44:52.472 [http-nio-8050-exec-10] INFO  com.opnapp.DAO.SeedDaoImpl - Viewing all seeds
2024-01-16 11:44:52.494 [http-nio-8050-exec-10] INFO  com.opnapp.DAO.SeedDaoImpl - All seeds found: [com.opnapp.models.Seed@7fd8d9de, com.opnapp.models.Seed@1a73e37b, com.opnapp.models.Seed@6deef391, com.opnapp.models.Seed@4e6453ca, com.opnapp.models.Seed@7220e5ca, com.opnapp.models.Seed@2824d0ca, com.opnapp.models.Seed@241934fd, com.opnapp.models.Seed@6d9fc970, com.opnapp.models.Seed@6328c2d9, com.opnapp.models.Seed@40f3e260, com.opnapp.models.Seed@58081414]
2024-01-16 11:44:52.495 [http-nio-8050-exec-10] INFO  com.opnapp.services.SeedServiceImpl - All seeds found: [com.opnapp.models.Seed@7fd8d9de, com.opnapp.models.Seed@1a73e37b, com.opnapp.models.Seed@6deef391, com.opnapp.models.Seed@4e6453ca, com.opnapp.models.Seed@7220e5ca, com.opnapp.models.Seed@2824d0ca, com.opnapp.models.Seed@241934fd, com.opnapp.models.Seed@6d9fc970, com.opnapp.models.Seed@6328c2d9, com.opnapp.models.Seed@40f3e260, com.opnapp.models.Seed@58081414]
2024-01-16 11:45:07.258 [http-nio-8050-exec-1] INFO  com.opnapp.services.SeedServiceImpl - Viewing seeds by common name: SunFlower
2024-01-16 11:45:07.259 [http-nio-8050-exec-1] INFO  com.opnapp.DAO.SeedDaoImpl - Viewing seeds by common name: SunFlower
2024-01-16 11:45:07.279 [http-nio-8050-exec-1] INFO  com.opnapp.DAO.SeedDaoImpl - Seeds found: [com.opnapp.models.Seed@1553d521, com.opnapp.models.Seed@35fc5c7, com.opnapp.models.Seed@2686bfa0, com.opnapp.models.Seed@3af2733f, com.opnapp.models.Seed@3e6b5c08, com.opnapp.models.Seed@7916b2be, com.opnapp.models.Seed@eaca106, com.opnapp.models.Seed@598a5d7d, com.opnapp.models.Seed@7651c5a2, com.opnapp.models.Seed@5531be59]
2024-01-16 11:45:07.280 [http-nio-8050-exec-1] INFO  com.opnapp.services.SeedServiceImpl - Seeds found: [com.opnapp.models.Seed@1553d521, com.opnapp.models.Seed@35fc5c7, com.opnapp.models.Seed@2686bfa0, com.opnapp.models.Seed@3af2733f, com.opnapp.models.Seed@3e6b5c08, com.opnapp.models.Seed@7916b2be, com.opnapp.models.Seed@eaca106, com.opnapp.models.Seed@598a5d7d, com.opnapp.models.Seed@7651c5a2, com.opnapp.models.Seed@5531be59]
2024-01-16 11:47:47.869 [http-nio-8050-exec-3] INFO  c.opnapp.services.PlanterServiceImpl - Viewing all planters
2024-01-16 11:47:47.869 [http-nio-8050-exec-3] INFO  com.opnapp.DAO.PlanterDAOImpl - Viewing all planters
2024-01-16 11:47:47.874 [http-nio-8050-exec-3] INFO  com.opnapp.DAO.PlanterDAOImpl - All planters viewed successfully: 10
2024-01-16 14:34:54.494 [http-nio-8050-exec-10] INFO  c.opnapp.services.OrderServiceImpl - Viewing all orders
2024-01-16 14:34:54.507 [http-nio-8050-exec-10] INFO  com.opnapp.DAO.OrderDAOImpl - Retrieved all orders successfully. Total orders: 3
2024-01-16 14:34:56.938 [http-nio-8050-exec-1] INFO  c.opnapp.services.PlanterServiceImpl - Viewing all planters
2024-01-16 14:34:56.939 [http-nio-8050-exec-1] INFO  com.opnapp.DAO.PlanterDAOImpl - Viewing all planters
2024-01-16 14:34:56.948 [http-nio-8050-exec-1] INFO  com.opnapp.DAO.PlanterDAOImpl - All planters viewed successfully: 10
2024-01-16 14:34:58.992 [http-nio-8050-exec-2] INFO  c.o.services.CustomerServiceImpl - Viewing all customers...
2024-01-16 14:34:59.010 [http-nio-8050-exec-2] INFO  com.opnapp.DAO.CustomerDAOImpl - Viewed all active customers
2024-01-16 14:35:04.642 [http-nio-8050-exec-3] INFO  com.opnapp.services.SeedServiceImpl - Viewing all seeds
2024-01-16 14:35:04.642 [http-nio-8050-exec-3] INFO  com.opnapp.DAO.SeedDaoImpl - Viewing all seeds
2024-01-16 14:35:04.672 [http-nio-8050-exec-3] INFO  com.opnapp.DAO.SeedDaoImpl - All seeds found: [com.opnapp.models.Seed@675a8193, com.opnapp.models.Seed@140fc8b4, com.opnapp.models.Seed@44762e82, com.opnapp.models.Seed@384f76ef, com.opnapp.models.Seed@42b48e75, com.opnapp.models.Seed@28ce4ae3, com.opnapp.models.Seed@2deb5025, com.opnapp.models.Seed@38baeb79, com.opnapp.models.Seed@382a6fff, com.opnapp.models.Seed@64f57401, com.opnapp.models.Seed@796dabe3]
2024-01-16 14:35:04.673 [http-nio-8050-exec-3] INFO  com.opnapp.services.SeedServiceImpl - All seeds found: [com.opnapp.models.Seed@675a8193, com.opnapp.models.Seed@140fc8b4, com.opnapp.models.Seed@44762e82, com.opnapp.models.Seed@384f76ef, com.opnapp.models.Seed@42b48e75, com.opnapp.models.Seed@28ce4ae3, com.opnapp.models.Seed@2deb5025, com.opnapp.models.Seed@38baeb79, com.opnapp.models.Seed@382a6fff, com.opnapp.models.Seed@64f57401, com.opnapp.models.Seed@796dabe3]
2024-01-16 14:57:18.249 [File Watcher] INFO  o.s.b.d.a.LocalDevToolsAutoConfiguration$RestartingClassPathChangeChangedEventListener - Restarting due to 1 class path change (0 additions, 0 deletions, 1 modification)
2024-01-16 14:57:18.263 [Thread-7] INFO  o.a.coyote.http11.Http11NioProtocol - Pausing ProtocolHandler ["http-nio-8050"]
2024-01-16 14:57:18.264 [Thread-7] INFO  o.a.catalina.core.StandardService - Stopping service [Tomcat]
2024-01-16 14:57:18.264 [Thread-7] INFO  o.a.c.c.C.[Tomcat].[localhost].[/] - Destroying Spring FrameworkServlet 'dispatcherServlet'
2024-01-16 14:57:18.270 [Thread-7] INFO  o.a.coyote.http11.Http11NioProtocol - Stopping ProtocolHandler ["http-nio-8050"]
2024-01-16 14:57:18.271 [Thread-7] INFO  o.a.coyote.http11.Http11NioProtocol - Destroying ProtocolHandler ["http-nio-8050"]
2024-01-16 14:57:18.275 [Thread-7] INFO  o.s.o.j.LocalContainerEntityManagerFactoryBean - Closing JPA EntityManagerFactory for persistence unit 'default'
2024-01-16 14:57:18.279 [Thread-7] INFO  com.zaxxer.hikari.HikariDataSource - HikariPool-2 - Shutdown initiated...
2024-01-16 14:57:18.283 [Thread-7] INFO  com.zaxxer.hikari.HikariDataSource - HikariPool-2 - Shutdown completed.
2024-01-16 14:57:18.418 [restartedMain] INFO  com.opnapp.OpnappApplication - Starting OpnappApplication using Java 17.0.8 with PID 18580 (C:\Users\GPRITHAM\Desktop\FinalProject\opnapp\target\classes started by gpritham in C:\Users\GPRITHAM\Desktop\FinalProject\opnapp)
2024-01-16 14:57:18.418 [restartedMain] INFO  com.opnapp.OpnappApplication - No active profile set, falling back to 1 default profile: "default"
2024-01-16 14:57:18.554 [restartedMain] INFO  o.s.d.r.c.RepositoryConfigurationDelegate - Bootstrapping Spring Data JPA repositories in DEFAULT mode.
2024-01-16 14:57:18.572 [restartedMain] INFO  o.s.d.r.c.RepositoryConfigurationDelegate - Finished Spring Data repository scanning in 18 ms. Found 7 JPA repository interfaces.
2024-01-16 14:57:18.630 [restartedMain] INFO  o.s.b.w.e.tomcat.TomcatWebServer - Tomcat initialized with port(s): 8050 (http)
2024-01-16 14:57:18.630 [restartedMain] INFO  o.a.coyote.http11.Http11NioProtocol - Initializing ProtocolHandler ["http-nio-8050"]
2024-01-16 14:57:18.630 [restartedMain] INFO  o.a.catalina.core.StandardService - Starting service [Tomcat]
2024-01-16 14:57:18.630 [restartedMain] INFO  o.a.catalina.core.StandardEngine - Starting Servlet engine: [Apache Tomcat/10.1.16]
2024-01-16 14:57:18.658 [restartedMain] INFO  o.a.c.c.C.[Tomcat].[localhost].[/] - Initializing Spring embedded WebApplicationContext
2024-01-16 14:57:18.658 [restartedMain] INFO  o.s.b.w.s.c.ServletWebServerApplicationContext - Root WebApplicationContext: initialization completed in 238 ms
2024-01-16 14:57:18.686 [restartedMain] INFO  o.h.jpa.internal.util.LogHelper - HHH000204: Processing PersistenceUnitInfo [name: default]
2024-01-16 14:57:18.698 [restartedMain] INFO  o.s.o.j.p.SpringPersistenceUnitInfo - No LoadTimeWeaver setup: ignoring JPA class transformer
2024-01-16 14:57:18.699 [restartedMain] INFO  com.zaxxer.hikari.HikariDataSource - HikariPool-3 - Starting...
2024-01-16 14:57:18.709 [restartedMain] INFO  com.zaxxer.hikari.pool.HikariPool - HikariPool-3 - Added connection com.mysql.cj.jdbc.ConnectionImpl@1b1eb066
2024-01-16 14:57:18.709 [restartedMain] INFO  com.zaxxer.hikari.HikariDataSource - HikariPool-3 - Start completed.
2024-01-16 14:57:18.777 [restartedMain] INFO  o.h.e.t.j.p.i.JtaPlatformInitiator - HHH000489: No JTA platform available (set 'hibernate.transaction.jta.platform' to enable JTA platform integration)
2024-01-16 14:57:18.809 [restartedMain] INFO  o.s.o.j.LocalContainerEntityManagerFactoryBean - Initialized JPA EntityManagerFactory for persistence unit 'default'
2024-01-16 14:57:18.992 [restartedMain] WARN  o.s.b.a.o.j.JpaBaseConfiguration$JpaWebConfiguration - spring.jpa.open-in-view is enabled by default. Therefore, database queries may be performed during view rendering. Explicitly configure spring.jpa.open-in-view to disable this warning
2024-01-16 14:57:19.066 [restartedMain] INFO  o.s.b.d.a.OptionalLiveReloadServer - LiveReload server is running on port 35729
2024-01-16 14:57:19.072 [restartedMain] INFO  o.a.coyote.http11.Http11NioProtocol - Starting ProtocolHandler ["http-nio-8050"]
2024-01-16 14:57:19.075 [restartedMain] INFO  o.s.b.w.e.tomcat.TomcatWebServer - Tomcat started on port(s): 8050 (http) with context path ''
2024-01-16 14:57:19.078 [restartedMain] INFO  com.opnapp.OpnappApplication - Started OpnappApplication in 0.683 seconds (process running for 17174.161)
2024-01-16 14:57:19.079 [restartedMain] INFO  o.s.b.d.a.ConditionEvaluationDeltaLoggingListener - Condition evaluation unchanged
2024-01-16 14:57:21.084 [RMI TCP Connection(295)-127.0.0.1] INFO  o.s.b.a.SpringApplicationAdminMXBeanRegistrar$SpringApplicationAdmin - Application shutdown requested.
2024-01-16 14:57:21.093 [RMI TCP Connection(295)-127.0.0.1] INFO  o.a.coyote.http11.Http11NioProtocol - Pausing ProtocolHandler ["http-nio-8050"]
2024-01-16 14:57:21.094 [RMI TCP Connection(295)-127.0.0.1] INFO  o.a.catalina.core.StandardService - Stopping service [Tomcat]
2024-01-16 14:57:21.095 [RMI TCP Connection(295)-127.0.0.1] INFO  o.a.coyote.http11.Http11NioProtocol - Stopping ProtocolHandler ["http-nio-8050"]
2024-01-16 14:57:21.096 [RMI TCP Connection(295)-127.0.0.1] INFO  o.a.coyote.http11.Http11NioProtocol - Destroying ProtocolHandler ["http-nio-8050"]
2024-01-16 14:57:21.097 [RMI TCP Connection(295)-127.0.0.1] INFO  o.s.o.j.LocalContainerEntityManagerFactoryBean - Closing JPA EntityManagerFactory for persistence unit 'default'
2024-01-16 14:57:21.097 [RMI TCP Connection(295)-127.0.0.1] INFO  com.zaxxer.hikari.HikariDataSource - HikariPool-3 - Shutdown initiated...
2024-01-16 14:57:21.101 [RMI TCP Connection(295)-127.0.0.1] INFO  com.zaxxer.hikari.HikariDataSource - HikariPool-3 - Shutdown completed.
