2023-12-27 10:20:21.094 [restartedMain] INFO  com.opnapp.OpnappApplication - Starting OpnappApplication using Java 17.0.3 with PID 18164 (C:\Sprint Project 2\opnapp Backend\opnapp\target\classes started by abhirkul in C:\Sprint Project 2\opnapp Backend\opnapp)
2023-12-27 10:20:21.108 [restartedMain] INFO  com.opnapp.OpnappApplication - No active profile set, falling back to 1 default profile: "default"
2023-12-27 10:20:21.194 [restartedMain] INFO  o.s.b.d.e.DevToolsPropertyDefaultsPostProcessor - Devtools property defaults active! Set 'spring.devtools.add-properties' to 'false' to disable
2023-12-27 10:20:21.194 [restartedMain] INFO  o.s.b.d.e.DevToolsPropertyDefaultsPostProcessor - For additional web related logging consider setting the 'logging.level.web' property to 'DEBUG'
2023-12-27 10:20:22.487 [restartedMain] INFO  o.s.d.r.c.RepositoryConfigurationDelegate - Bootstrapping Spring Data JPA repositories in DEFAULT mode.
2023-12-27 10:20:22.634 [restartedMain] INFO  o.s.d.r.c.RepositoryConfigurationDelegate - Finished Spring Data repository scanning in 118 ms. Found 7 JPA repository interfaces.
2023-12-27 10:20:23.775 [restartedMain] INFO  o.s.b.w.e.tomcat.TomcatWebServer - Tomcat initialized with port(s): 8050 (http)
2023-12-27 10:20:23.792 [restartedMain] INFO  o.a.coyote.http11.Http11NioProtocol - Initializing ProtocolHandler ["http-nio-8050"]
2023-12-27 10:20:23.797 [restartedMain] INFO  o.a.catalina.core.StandardService - Starting service [Tomcat]
2023-12-27 10:20:23.797 [restartedMain] INFO  o.a.catalina.core.StandardEngine - Starting Servlet engine: [Apache Tomcat/10.1.16]
2023-12-27 10:20:23.921 [restartedMain] INFO  o.a.c.c.C.[Tomcat].[localhost].[/] - Initializing Spring embedded WebApplicationContext
2023-12-27 10:20:23.924 [restartedMain] INFO  o.s.b.w.s.c.ServletWebServerApplicationContext - Root WebApplicationContext: initialization completed in 2689 ms
2023-12-27 10:20:24.236 [restartedMain] INFO  o.h.jpa.internal.util.LogHelper - HHH000204: Processing PersistenceUnitInfo [name: default]
2023-12-27 10:20:24.351 [restartedMain] INFO  org.hibernate.Version - HHH000412: Hibernate ORM core version 6.2.13.Final
2023-12-27 10:20:24.359 [restartedMain] INFO  org.hibernate.cfg.Environment - HHH000406: Using bytecode reflection optimizer
2023-12-27 10:20:24.979 [restartedMain] INFO  o.s.o.j.p.SpringPersistenceUnitInfo - No LoadTimeWeaver setup: ignoring JPA class transformer
2023-12-27 10:20:25.023 [restartedMain] INFO  com.zaxxer.hikari.HikariDataSource - HikariPool-1 - Starting...
2023-12-27 10:20:25.571 [restartedMain] INFO  com.zaxxer.hikari.pool.HikariPool - HikariPool-1 - Added connection com.mysql.cj.jdbc.ConnectionImpl@8a1fc7a
2023-12-27 10:20:25.575 [restartedMain] INFO  com.zaxxer.hikari.HikariDataSource - HikariPool-1 - Start completed.
2023-12-27 10:20:27.425 [restartedMain] INFO  o.h.e.t.j.p.i.JtaPlatformInitiator - HHH000489: No JTA platform available (set 'hibernate.transaction.jta.platform' to enable JTA platform integration)
2023-12-27 10:20:27.577 [restartedMain] INFO  o.s.o.j.LocalContainerEntityManagerFactoryBean - Initialized JPA EntityManagerFactory for persistence unit 'default'
2023-12-27 10:20:28.029 [restartedMain] INFO  o.s.d.j.r.query.QueryEnhancerFactory - Hibernate is in classpath; If applicable, HQL parser will be used.
2023-12-27 10:20:29.154 [restartedMain] WARN  o.s.b.a.o.j.JpaBaseConfiguration$JpaWebConfiguration - spring.jpa.open-in-view is enabled by default. Therefore, database queries may be performed during view rendering. Explicitly configure spring.jpa.open-in-view to disable this warning
2023-12-27 10:20:29.758 [restartedMain] INFO  o.s.b.d.a.OptionalLiveReloadServer - LiveReload server is running on port 35729
2023-12-27 10:20:29.787 [restartedMain] INFO  o.a.coyote.http11.Http11NioProtocol - Starting ProtocolHandler ["http-nio-8050"]
2023-12-27 10:20:29.832 [restartedMain] INFO  o.s.b.w.e.tomcat.TomcatWebServer - Tomcat started on port(s): 8050 (http) with context path ''
2023-12-27 10:20:29.847 [restartedMain] INFO  com.opnapp.OpnappApplication - Started OpnappApplication in 9.623 seconds (process running for 10.508)
2023-12-27 11:56:44.867 [http-nio-8050-exec-1] INFO  o.a.c.c.C.[Tomcat].[localhost].[/] - Initializing Spring DispatcherServlet 'dispatcherServlet'
2023-12-27 11:56:44.872 [http-nio-8050-exec-1] INFO  o.s.web.servlet.DispatcherServlet - Initializing Servlet 'dispatcherServlet'
2023-12-27 11:56:44.893 [http-nio-8050-exec-1] INFO  o.s.web.servlet.DispatcherServlet - Completed initialization in 20 ms
2023-12-27 11:56:45.110 [http-nio-8050-exec-2] INFO  c.o.services.CustomerServiceImpl - Adding customer...
2023-12-27 11:56:45.220 [http-nio-8050-exec-2] INFO  com.opnapp.DAO.CustomerDAOImpl - Customer added successfully: com.opnapp.models.Customer@4149a90f
2023-12-27 12:12:02.041 [http-nio-8050-exec-4] INFO  c.o.services.CustomerServiceImpl - Adding customer...
2023-12-27 12:12:02.055 [http-nio-8050-exec-4] INFO  com.opnapp.DAO.CustomerDAOImpl - Customer added successfully: com.opnapp.models.Customer@79920a5
2023-12-27 12:59:48.591 [restartedMain] INFO  com.opnapp.OpnappApplication - Starting OpnappApplication using Java 17.0.3 with PID 13472 (C:\Sprint Project 2\opnapp Backend\opnapp\target\classes started by abhirkul in C:\Sprint Project 2\opnapp Backend\opnapp)
2023-12-27 12:59:48.595 [restartedMain] INFO  com.opnapp.OpnappApplication - No active profile set, falling back to 1 default profile: "default"
2023-12-27 12:59:48.653 [restartedMain] INFO  o.s.b.d.e.DevToolsPropertyDefaultsPostProcessor - Devtools property defaults active! Set 'spring.devtools.add-properties' to 'false' to disable
2023-12-27 12:59:48.654 [restartedMain] INFO  o.s.b.d.e.DevToolsPropertyDefaultsPostProcessor - For additional web related logging consider setting the 'logging.level.web' property to 'DEBUG'
2023-12-27 12:59:49.654 [restartedMain] INFO  o.s.d.r.c.RepositoryConfigurationDelegate - Bootstrapping Spring Data JPA repositories in DEFAULT mode.
2023-12-27 12:59:49.782 [restartedMain] INFO  o.s.d.r.c.RepositoryConfigurationDelegate - Finished Spring Data repository scanning in 107 ms. Found 7 JPA repository interfaces.
2023-12-27 12:59:50.816 [restartedMain] INFO  o.s.b.w.e.tomcat.TomcatWebServer - Tomcat initialized with port(s): 8050 (http)
2023-12-27 12:59:50.827 [restartedMain] INFO  o.a.coyote.http11.Http11NioProtocol - Initializing ProtocolHandler ["http-nio-8050"]
2023-12-27 12:59:50.831 [restartedMain] INFO  o.a.catalina.core.StandardService - Starting service [Tomcat]
2023-12-27 12:59:50.831 [restartedMain] INFO  o.a.catalina.core.StandardEngine - Starting Servlet engine: [Apache Tomcat/10.1.16]
2023-12-27 12:59:50.939 [restartedMain] INFO  o.a.c.c.C.[Tomcat].[localhost].[/] - Initializing Spring embedded WebApplicationContext
2023-12-27 12:59:50.940 [restartedMain] INFO  o.s.b.w.s.c.ServletWebServerApplicationContext - Root WebApplicationContext: initialization completed in 2285 ms
2023-12-27 12:59:51.190 [restartedMain] INFO  o.h.jpa.internal.util.LogHelper - HHH000204: Processing PersistenceUnitInfo [name: default]
2023-12-27 12:59:51.284 [restartedMain] INFO  org.hibernate.Version - HHH000412: Hibernate ORM core version 6.2.13.Final
2023-12-27 12:59:51.286 [restartedMain] INFO  org.hibernate.cfg.Environment - HHH000406: Using bytecode reflection optimizer
2023-12-27 12:59:51.678 [restartedMain] INFO  o.s.o.j.p.SpringPersistenceUnitInfo - No LoadTimeWeaver setup: ignoring JPA class transformer
2023-12-27 12:59:51.723 [restartedMain] INFO  com.zaxxer.hikari.HikariDataSource - HikariPool-1 - Starting...
2023-12-27 12:59:52.138 [restartedMain] INFO  com.zaxxer.hikari.pool.HikariPool - HikariPool-1 - Added connection com.mysql.cj.jdbc.ConnectionImpl@330ada19
2023-12-27 12:59:52.141 [restartedMain] INFO  com.zaxxer.hikari.HikariDataSource - HikariPool-1 - Start completed.
2023-12-27 12:59:53.503 [restartedMain] INFO  o.h.e.t.j.p.i.JtaPlatformInitiator - HHH000489: No JTA platform available (set 'hibernate.transaction.jta.platform' to enable JTA platform integration)
2023-12-27 12:59:53.621 [restartedMain] INFO  o.s.o.j.LocalContainerEntityManagerFactoryBean - Initialized JPA EntityManagerFactory for persistence unit 'default'
2023-12-27 12:59:53.996 [restartedMain] INFO  o.s.d.j.r.query.QueryEnhancerFactory - Hibernate is in classpath; If applicable, HQL parser will be used.
2023-12-27 12:59:55.022 [restartedMain] WARN  o.s.b.a.o.j.JpaBaseConfiguration$JpaWebConfiguration - spring.jpa.open-in-view is enabled by default. Therefore, database queries may be performed during view rendering. Explicitly configure spring.jpa.open-in-view to disable this warning
2023-12-27 12:59:55.540 [restartedMain] INFO  o.s.b.d.a.OptionalLiveReloadServer - LiveReload server is running on port 35729
2023-12-27 12:59:55.555 [restartedMain] INFO  o.a.coyote.http11.Http11NioProtocol - Starting ProtocolHandler ["http-nio-8050"]
2023-12-27 12:59:55.597 [restartedMain] INFO  o.s.b.w.e.tomcat.TomcatWebServer - Tomcat started on port(s): 8050 (http) with context path ''
2023-12-27 12:59:55.610 [restartedMain] INFO  com.opnapp.OpnappApplication - Started OpnappApplication in 7.48 seconds (process running for 7.902)
2023-12-27 13:10:35.323 [http-nio-8050-exec-1] INFO  o.a.c.c.C.[Tomcat].[localhost].[/] - Initializing Spring DispatcherServlet 'dispatcherServlet'
2023-12-27 13:10:35.323 [http-nio-8050-exec-1] INFO  o.s.web.servlet.DispatcherServlet - Initializing Servlet 'dispatcherServlet'
2023-12-27 13:10:35.325 [http-nio-8050-exec-1] INFO  o.s.web.servlet.DispatcherServlet - Completed initialization in 2 ms
2023-12-27 13:10:35.434 [http-nio-8050-exec-2] INFO  c.o.services.CustomerServiceImpl - Adding customer...
2023-12-27 13:10:35.458 [http-nio-8050-exec-3] INFO  c.o.services.CustomerServiceImpl - Adding customer...
2023-12-27 13:10:35.501 [http-nio-8050-exec-3] INFO  com.opnapp.DAO.CustomerDAOImpl - Customer added successfully: com.opnapp.models.Customer@4683147c
2023-12-27 13:10:35.501 [http-nio-8050-exec-2] INFO  com.opnapp.DAO.CustomerDAOImpl - Customer added successfully: com.opnapp.models.Customer@4d3d034b
2023-12-27 13:10:35.726 [http-nio-8050-exec-4] INFO  c.o.services.CustomerServiceImpl - Adding customer...
2023-12-27 13:10:35.733 [http-nio-8050-exec-4] INFO  com.opnapp.DAO.CustomerDAOImpl - Customer added successfully: com.opnapp.models.Customer@457ef94
2023-12-27 13:10:35.951 [http-nio-8050-exec-5] INFO  c.o.services.CustomerServiceImpl - Adding customer...
2023-12-27 13:10:35.959 [http-nio-8050-exec-5] INFO  com.opnapp.DAO.CustomerDAOImpl - Customer added successfully: com.opnapp.models.Customer@5fa6664d
2023-12-27 13:15:26.704 [File Watcher] INFO  o.s.b.d.a.LocalDevToolsAutoConfiguration$RestartingClassPathChangeChangedEventListener - Restarting due to 3 class path changes (0 additions, 0 deletions, 3 modifications)
2023-12-27 13:15:26.717 [Thread-5] INFO  o.a.coyote.http11.Http11NioProtocol - Pausing ProtocolHandler ["http-nio-8050"]
2023-12-27 13:15:26.718 [Thread-5] INFO  o.a.catalina.core.StandardService - Stopping service [Tomcat]
2023-12-27 13:15:26.719 [Thread-5] INFO  o.a.c.c.C.[Tomcat].[localhost].[/] - Destroying Spring FrameworkServlet 'dispatcherServlet'
2023-12-27 13:15:26.734 [Thread-5] INFO  o.a.coyote.http11.Http11NioProtocol - Stopping ProtocolHandler ["http-nio-8050"]
2023-12-27 13:15:26.735 [Thread-5] INFO  o.a.coyote.http11.Http11NioProtocol - Destroying ProtocolHandler ["http-nio-8050"]
2023-12-27 13:15:26.737 [Thread-5] INFO  o.s.o.j.LocalContainerEntityManagerFactoryBean - Closing JPA EntityManagerFactory for persistence unit 'default'
2023-12-27 13:15:26.742 [Thread-5] INFO  com.zaxxer.hikari.HikariDataSource - HikariPool-1 - Shutdown initiated...
2023-12-27 13:15:26.751 [Thread-5] INFO  com.zaxxer.hikari.HikariDataSource - HikariPool-1 - Shutdown completed.
2023-12-27 13:15:26.837 [restartedMain] INFO  com.opnapp.OpnappApplication - Starting OpnappApplication using Java 17.0.3 with PID 13472 (C:\Sprint Project 2\opnapp Backend\opnapp\target\classes started by abhirkul in C:\Sprint Project 2\opnapp Backend\opnapp)
2023-12-27 13:15:26.838 [restartedMain] INFO  com.opnapp.OpnappApplication - No active profile set, falling back to 1 default profile: "default"
2023-12-27 13:15:27.051 [restartedMain] INFO  o.s.d.r.c.RepositoryConfigurationDelegate - Bootstrapping Spring Data JPA repositories in DEFAULT mode.
2023-12-27 13:15:27.104 [restartedMain] INFO  o.s.d.r.c.RepositoryConfigurationDelegate - Finished Spring Data repository scanning in 52 ms. Found 7 JPA repository interfaces.
2023-12-27 13:15:27.205 [restartedMain] INFO  o.s.b.w.e.tomcat.TomcatWebServer - Tomcat initialized with port(s): 8050 (http)
2023-12-27 13:15:27.206 [restartedMain] INFO  o.a.coyote.http11.Http11NioProtocol - Initializing ProtocolHandler ["http-nio-8050"]
2023-12-27 13:15:27.206 [restartedMain] INFO  o.a.catalina.core.StandardService - Starting service [Tomcat]
2023-12-27 13:15:27.207 [restartedMain] INFO  o.a.catalina.core.StandardEngine - Starting Servlet engine: [Apache Tomcat/10.1.16]
2023-12-27 13:15:27.231 [restartedMain] INFO  o.a.c.c.C.[Tomcat].[localhost].[/] - Initializing Spring embedded WebApplicationContext
2023-12-27 13:15:27.231 [restartedMain] INFO  o.s.b.w.s.c.ServletWebServerApplicationContext - Root WebApplicationContext: initialization completed in 390 ms
2023-12-27 13:15:27.264 [restartedMain] INFO  o.h.jpa.internal.util.LogHelper - HHH000204: Processing PersistenceUnitInfo [name: default]
2023-12-27 13:15:27.271 [restartedMain] INFO  o.s.o.j.p.SpringPersistenceUnitInfo - No LoadTimeWeaver setup: ignoring JPA class transformer
2023-12-27 13:15:27.272 [restartedMain] INFO  com.zaxxer.hikari.HikariDataSource - HikariPool-2 - Starting...
2023-12-27 13:15:27.291 [restartedMain] INFO  com.zaxxer.hikari.pool.HikariPool - HikariPool-2 - Added connection com.mysql.cj.jdbc.ConnectionImpl@2540ebc
2023-12-27 13:15:27.291 [restartedMain] INFO  com.zaxxer.hikari.HikariDataSource - HikariPool-2 - Start completed.
2023-12-27 13:15:27.417 [restartedMain] INFO  o.h.e.t.j.p.i.JtaPlatformInitiator - HHH000489: No JTA platform available (set 'hibernate.transaction.jta.platform' to enable JTA platform integration)
2023-12-27 13:15:27.465 [restartedMain] INFO  o.s.o.j.LocalContainerEntityManagerFactoryBean - Initialized JPA EntityManagerFactory for persistence unit 'default'
2023-12-27 13:15:27.906 [restartedMain] WARN  o.s.b.a.o.j.JpaBaseConfiguration$JpaWebConfiguration - spring.jpa.open-in-view is enabled by default. Therefore, database queries may be performed during view rendering. Explicitly configure spring.jpa.open-in-view to disable this warning
2023-12-27 13:15:28.191 [restartedMain] INFO  o.s.b.d.a.OptionalLiveReloadServer - LiveReload server is running on port 35729
2023-12-27 13:15:28.200 [restartedMain] INFO  o.a.coyote.http11.Http11NioProtocol - Starting ProtocolHandler ["http-nio-8050"]
2023-12-27 13:15:28.209 [restartedMain] INFO  o.s.b.w.e.tomcat.TomcatWebServer - Tomcat started on port(s): 8050 (http) with context path ''
2023-12-27 13:15:28.214 [restartedMain] INFO  com.opnapp.OpnappApplication - Started OpnappApplication in 1.41 seconds (process running for 940.507)
2023-12-27 13:15:28.217 [restartedMain] INFO  o.s.b.d.a.ConditionEvaluationDeltaLoggingListener - Condition evaluation unchanged
2023-12-27 16:51:11.671 [http-nio-8050-exec-1] INFO  o.a.c.c.C.[Tomcat].[localhost].[/] - Initializing Spring DispatcherServlet 'dispatcherServlet'
2023-12-27 16:51:11.674 [http-nio-8050-exec-1] INFO  o.s.web.servlet.DispatcherServlet - Initializing Servlet 'dispatcherServlet'
2023-12-27 16:51:11.689 [http-nio-8050-exec-1] INFO  o.s.web.servlet.DispatcherServlet - Completed initialization in 14 ms
2023-12-27 16:51:11.733 [http-nio-8050-exec-2] INFO  c.o.services.CustomerServiceImpl - Adding customer...
2023-12-27 16:51:11.770 [http-nio-8050-exec-2] INFO  com.opnapp.DAO.CustomerDAOImpl - Customer added successfully: com.opnapp.models.Customer@39412948
2023-12-27 16:51:11.959 [http-nio-8050-exec-4] INFO  c.o.services.CustomerServiceImpl - Adding customer...
2023-12-27 16:51:11.968 [http-nio-8050-exec-4] INFO  com.opnapp.DAO.CustomerDAOImpl - Customer added successfully: com.opnapp.models.Customer@6348f194
2023-12-27 16:59:28.187 [http-nio-8050-exec-3] INFO  c.o.services.CustomerServiceImpl - Adding customer...
2023-12-27 16:59:28.207 [http-nio-8050-exec-3] INFO  com.opnapp.DAO.CustomerDAOImpl - Customer added successfully: com.opnapp.models.Customer@54383c0c
2023-12-27 16:59:29.377 [http-nio-8050-exec-6] INFO  c.o.services.CustomerServiceImpl - Adding customer...
2023-12-27 16:59:29.403 [http-nio-8050-exec-6] WARN  o.h.e.jdbc.spi.SqlExceptionHelper - SQL Error: 1062, SQLState: 23000
2023-12-27 16:59:29.403 [http-nio-8050-exec-6] ERROR o.h.e.jdbc.spi.SqlExceptionHelper - Duplicate entry 'jcena88' for key 'customers.username'
2023-12-27 16:59:29.429 [http-nio-8050-exec-6] WARN  o.s.w.s.m.m.a.ExceptionHandlerExceptionResolver - Resolved [org.springframework.dao.DataIntegrityViolationException: could not execute statement [Duplicate entry 'jcena88' for key 'customers.username'] [insert into customers (address_id,email,is_deleted,name,password,username) values (?,?,?,?,?,?)]; SQL [insert into customers (address_id,email,is_deleted,name,password,username) values (?,?,?,?,?,?)]; constraint [customers.username]]
