2023-12-25 22:56:44.287 [restartedMain] INFO  com.opnapp.OpnappApplication - Starting OpnappApplication using Java 17.0.3 with PID 17532 (C:\Sprint Project 2\opnapp Backend\opnapp\target\classes started by abhirkul in C:\Sprint Project 2\opnapp Backend\opnapp)
2023-12-25 22:56:44.300 [restartedMain] INFO  com.opnapp.OpnappApplication - No active profile set, falling back to 1 default profile: "default"
2023-12-25 22:56:44.387 [restartedMain] INFO  o.s.b.d.e.DevToolsPropertyDefaultsPostProcessor - Devtools property defaults active! Set 'spring.devtools.add-properties' to 'false' to disable
2023-12-25 22:56:44.387 [restartedMain] INFO  o.s.b.d.e.DevToolsPropertyDefaultsPostProcessor - For additional web related logging consider setting the 'logging.level.web' property to 'DEBUG'
2023-12-25 22:56:45.561 [restartedMain] INFO  o.s.d.r.c.RepositoryConfigurationDelegate - Bootstrapping Spring Data JPA repositories in DEFAULT mode.
2023-12-25 22:56:45.745 [restartedMain] INFO  o.s.d.r.c.RepositoryConfigurationDelegate - Finished Spring Data repository scanning in 154 ms. Found 7 JPA repository interfaces.
2023-12-25 22:56:47.140 [restartedMain] INFO  o.s.b.w.e.tomcat.TomcatWebServer - Tomcat initialized with port(s): 8050 (http)
2023-12-25 22:56:47.158 [restartedMain] INFO  o.a.coyote.http11.Http11NioProtocol - Initializing ProtocolHandler ["http-nio-8050"]
2023-12-25 22:56:47.166 [restartedMain] INFO  o.a.catalina.core.StandardService - Starting service [Tomcat]
2023-12-25 22:56:47.167 [restartedMain] INFO  o.a.catalina.core.StandardEngine - Starting Servlet engine: [Apache Tomcat/10.1.16]
2023-12-25 22:56:47.326 [restartedMain] INFO  o.a.c.c.C.[Tomcat].[localhost].[/] - Initializing Spring embedded WebApplicationContext
2023-12-25 22:56:47.328 [restartedMain] INFO  o.s.b.w.s.c.ServletWebServerApplicationContext - Root WebApplicationContext: initialization completed in 2938 ms
2023-12-25 22:56:47.673 [restartedMain] INFO  o.h.jpa.internal.util.LogHelper - HHH000204: Processing PersistenceUnitInfo [name: default]
2023-12-25 22:56:47.825 [restartedMain] INFO  org.hibernate.Version - HHH000412: Hibernate ORM core version 6.2.13.Final
2023-12-25 22:56:47.830 [restartedMain] INFO  org.hibernate.cfg.Environment - HHH000406: Using bytecode reflection optimizer
2023-12-25 22:56:48.403 [restartedMain] INFO  o.s.o.j.p.SpringPersistenceUnitInfo - No LoadTimeWeaver setup: ignoring JPA class transformer
2023-12-25 22:56:48.454 [restartedMain] INFO  com.zaxxer.hikari.HikariDataSource - HikariPool-1 - Starting...
2023-12-25 22:56:49.035 [restartedMain] INFO  com.zaxxer.hikari.pool.HikariPool - HikariPool-1 - Added connection com.mysql.cj.jdbc.ConnectionImpl@3b533339
2023-12-25 22:56:49.038 [restartedMain] INFO  com.zaxxer.hikari.HikariDataSource - HikariPool-1 - Start completed.
2023-12-25 22:56:50.933 [restartedMain] INFO  o.h.e.t.j.p.i.JtaPlatformInitiator - HHH000489: No JTA platform available (set 'hibernate.transaction.jta.platform' to enable JTA platform integration)
2023-12-25 22:56:51.071 [restartedMain] INFO  o.s.o.j.LocalContainerEntityManagerFactoryBean - Initialized JPA EntityManagerFactory for persistence unit 'default'
2023-12-25 22:56:51.510 [restartedMain] INFO  o.s.d.j.r.query.QueryEnhancerFactory - Hibernate is in classpath; If applicable, HQL parser will be used.
2023-12-25 22:56:52.900 [restartedMain] WARN  o.s.b.a.o.j.JpaBaseConfiguration$JpaWebConfiguration - spring.jpa.open-in-view is enabled by default. Therefore, database queries may be performed during view rendering. Explicitly configure spring.jpa.open-in-view to disable this warning
2023-12-25 22:56:53.592 [restartedMain] INFO  o.s.b.d.a.OptionalLiveReloadServer - LiveReload server is running on port 35729
2023-12-25 22:56:53.621 [restartedMain] INFO  o.a.coyote.http11.Http11NioProtocol - Starting ProtocolHandler ["http-nio-8050"]
2023-12-25 22:56:53.703 [restartedMain] INFO  o.s.b.w.e.tomcat.TomcatWebServer - Tomcat started on port(s): 8050 (http) with context path ''
2023-12-25 22:56:53.723 [restartedMain] INFO  com.opnapp.OpnappApplication - Started OpnappApplication in 10.113 seconds (process running for 10.815)
